<?xml version="1.0" encoding="UTF-8"?>
<!-- Generated by org.testng.reporters.JUnitReportReporter -->
<testsuite skipped="0" hostname="SHASHMIS-T480" name="stocks.IraAIAgent" tests="1" failures="0" timestamp="20 Jun 2022 19:58:52 GMT" time="91.502" errors="0">
  <testcase name="openMyBlog" time="91.502" classname="stocks.IraAIAgent"/>
</testsuite> <!-- stocks.IraAIAgent -->
