<?xml version="1.0" encoding="UTF-8"?>
<!-- Generated by org.testng.reporters.JUnitReportReporter -->
<testsuite skipped="0" hostname="SHASHMIS-T480" name="test.java.TestAgent.TC002" tests="1" failures="0" timestamp="22 Jun 2022 08:33:16 GMT" time="108.327" errors="0">
  <testcase name="Test_TC002" time="108.327" classname="test.java.TestAgent.TC002"/>
</testsuite> <!-- test.java.TestAgent.TC002 -->
