<?xml version="1.0" encoding="UTF-8"?>
<!-- Generated by org.testng.reporters.JUnitReportReporter -->
<testsuite skipped="0" hostname="SHASHMIS-T480" name="stocks.DividendStocks" tests="1" failures="0" timestamp="19 Jul 2021 19:26:08 GMT" time="1075.646" errors="0">
  <testcase name="openMyBlog" time="1075.646" classname="stocks.DividendStocks"/>
</testsuite> <!-- stocks.DividendStocks -->
