<?xml version="1.0" encoding="UTF-8"?>
<!-- Generated by org.testng.reporters.JUnitReportReporter -->
<testsuite skipped="0" hostname="SHASHMIS-T480" name="stocks.DividendStocksBSE" tests="1" failures="0" timestamp="26 Aug 2021 12:17:14 GMT" time="1124.642" errors="0">
  <testcase name="openMyBlog" time="1124.642" classname="stocks.DividendStocksBSE"/>
</testsuite> <!-- stocks.DividendStocksBSE -->
