<?xml version="1.0" encoding="UTF-8"?>
<!-- Generated by org.testng.reporters.JUnitReportReporter -->
<testsuite skipped="0" hostname="SHASHMIS-T480" name="test.java.TestAgent.TC005" tests="1" failures="0" timestamp="22 Jun 2022 08:35:55 GMT" time="125.663" errors="0">
  <testcase name="Test_TC005" time="125.663" classname="test.java.TestAgent.TC005"/>
</testsuite> <!-- test.java.TestAgent.TC005 -->
