<?xml version="1.0" encoding="UTF-8"?>
<!-- Generated by org.testng.reporters.JUnitReportReporter -->
<testsuite skipped="0" hostname="SHASHMIS-T480" name="stocks.TC004" tests="1" failures="0" timestamp="22 Jun 2022 07:15:23 GMT" time="271.902" errors="0">
  <testcase name="Test_TC004" time="271.902" classname="stocks.TC004"/>
</testsuite> <!-- stocks.TC004 -->
