<?xml version="1.0" encoding="UTF-8"?>
<!-- Generated by org.testng.reporters.JUnitReportReporter -->
<testsuite skipped="0" hostname="SHASHMIS-T480" name="stocks.TC001" tests="1" failures="0" timestamp="21 Jun 2022 20:45:25 GMT" time="232.230" errors="0">
  <testcase name="Test_TC001" time="232.230" classname="stocks.TC001"/>
</testsuite> <!-- stocks.TC001 -->
