<?xml version="1.0" encoding="UTF-8"?>
<!-- Generated by org.testng.reporters.JUnitReportReporter -->
<testsuite skipped="0" hostname="SHASHMIS-T480" name="stocks.TC002" tests="1" failures="0" timestamp="21 Jun 2022 21:03:55 GMT" time="47.638" errors="0">
  <testcase name="Test_TC001" time="47.638" classname="stocks.TC002"/>
</testsuite> <!-- stocks.TC002 -->
