<?xml version="1.0" encoding="UTF-8"?>
<!-- Generated by org.testng.reporters.JUnitReportReporter -->
<testsuite skipped="0" hostname="SHASHMIS-T480" name="stocks.TC003" tests="1" failures="0" timestamp="21 Jun 2022 21:31:45 GMT" time="54.330" errors="0">
  <testcase name="Test_TC001" time="54.330" classname="stocks.TC003"/>
</testsuite> <!-- stocks.TC003 -->
