<?xml version="1.0" encoding="UTF-8"?>
<!-- Generated by org.testng.reporters.JUnitReportReporter -->
<testsuite skipped="0" hostname="SHASHMIS-T480" name="stocks.DividendStocksMoneyControl" tests="1" failures="0" timestamp="23 Jul 2021 10:57:42 GMT" time="1416.872" errors="0">
  <testcase name="openMyBlog" time="1416.872" classname="stocks.DividendStocksMoneyControl"/>
</testsuite> <!-- stocks.DividendStocksMoneyControl -->
