<?xml version="1.0" encoding="UTF-8"?>
<!-- Generated by org.testng.reporters.JUnitReportReporter -->
<testsuite skipped="0" hostname="SHASHMIS-T480" name="stocks.TC005" tests="1" failures="0" timestamp="22 Jun 2022 06:52:58 GMT" time="75.138" errors="0">
  <testcase name="Test_TC005" time="75.138" classname="stocks.TC005"/>
</testsuite> <!-- stocks.TC005 -->
