<?xml version="1.0" encoding="UTF-8"?>
<!-- Generated by org.testng.reporters.JUnitReportReporter -->
<testsuite skipped="0" hostname="SHASHMIS-T480" name="test.java.TestAgent.TC001" tests="1" failures="0" timestamp="22 Jun 2022 08:23:10 GMT" time="241.962" errors="0">
  <testcase name="Test_TC001" time="241.962" classname="test.java.TestAgent.TC001"/>
</testsuite> <!-- test.java.TestAgent.TC001 -->
